<?xml version="1.0" encoding="UTF-8"?>
<!-- Generated by org.testng.reporters.JUnitXMLReporter -->
<testsuite hostname="DESKTOP-VVEO0RP" name="HomePage" tests="3" failures="0" timestamp="27 Nov 2018 02:25:51 GMT" time="36.276" errors="0">
  <testcase name="createFolderTest" time="10.436" classname="DropBoxAutomation.Assessment.Tests.HomePageTestCases"/>
  <testcase name="uploadFileTest" time="20.537" classname="DropBoxAutomation.Assessment.Tests.HomePageTestCases"/>
  <testcase name="logout" time="5.302" classname="DropBoxAutomation.Assessment.Tests.HomePageTestCases"/>
</testsuite> <!-- HomePage -->
