<?xml version="1.0" encoding="UTF-8"?>
<!-- Generated by org.testng.reporters.JUnitXMLReporter -->
<testsuite hostname="DESKTOP-VVEO0RP" name="HomePage" tests="3" failures="0" timestamp="27 Nov 2018 03:03:47 GMT" time="45.962" errors="0">
  <testcase name="createFolderTest" time="14.845" classname="DropBoxAutomation.Assessment.Tests.HomePageTestCases"/>
  <testcase name="uploadFileTest" time="23.435" classname="DropBoxAutomation.Assessment.Tests.HomePageTestCases"/>
  <testcase name="logout" time="7.672" classname="DropBoxAutomation.Assessment.Tests.HomePageTestCases"/>
</testsuite> <!-- HomePage -->
