<?xml version="1.0" encoding="UTF-8"?>
<testng-results skipped="0" failed="0" total="4" passed="4">
  <reporter-output>
  </reporter-output>
  <suite name="dropbox-assessment" duration-ms="84469" started-at="2018-11-27T02:24:26Z" finished-at="2018-11-27T02:25:51Z">
    <groups>
    </groups>
    <test name="LoginPage" duration-ms="46816" started-at="2018-11-27T02:24:26Z" finished-at="2018-11-27T02:25:13Z">
      <class name="DropBoxAutomation.Assessment.Tests.LoginPageTestCases">
        <test-method status="PASS" signature="LaunchDropbox()[pri:0, instance:DropBoxAutomation.Assessment.Tests.LoginPageTestCases@1ebec15]" name="LaunchDropbox" is-config="true" duration-ms="37074" started-at="2018-11-27T07:54:26Z" finished-at="2018-11-27T07:55:04Z">
          <reporter-output>
          </reporter-output>
        </test-method> <!-- LaunchDropbox -->
        <test-method status="PASS" signature="loginTest(java.lang.String, java.lang.String)[pri:0, instance:DropBoxAutomation.Assessment.Tests.LoginPageTestCases@1ebec15]" name="loginTest" duration-ms="9669" started-at="2018-11-27T07:55:04Z" finished-at="2018-11-27T07:55:13Z">
          <params>
            <param index="0">
              <value>
                <![CDATA[sravank.587@gmail.com]]>
              </value>
            </param>
            <param index="1">
              <value>
                <![CDATA[srav1@dropbox]]>
              </value>
            </param>
          </params>
          <reporter-output>
          </reporter-output>
        </test-method> <!-- loginTest -->
      </class> <!-- DropBoxAutomation.Assessment.Tests.LoginPageTestCases -->
    </test> <!-- LoginPage -->
    <test name="HomePage" duration-ms="36276" started-at="2018-11-27T02:25:15Z" finished-at="2018-11-27T02:25:51Z">
      <class name="DropBoxAutomation.Assessment.Tests.HomePageTestCases">
        <test-method status="PASS" signature="createFolderTest(java.lang.String)[pri:0, instance:DropBoxAutomation.Assessment.Tests.HomePageTestCases@1975490]" name="createFolderTest" duration-ms="10436" started-at="2018-11-27T07:55:15Z" finished-at="2018-11-27T07:55:25Z">
          <params>
            <param index="0">
              <value>
                <![CDATA[MyTestFolder]]>
              </value>
            </param>
          </params>
          <reporter-output>
          </reporter-output>
        </test-method> <!-- createFolderTest -->
        <test-method status="PASS" signature="uploadFileTest(java.lang.String)[pri:0, instance:DropBoxAutomation.Assessment.Tests.HomePageTestCases@1975490]" name="uploadFileTest" duration-ms="20537" started-at="2018-11-27T07:55:25Z" finished-at="2018-11-27T07:55:46Z">
          <params>
            <param index="0">
              <value>
                <![CDATA[D:\Photos\Kotapati\DSC03215.jpg]]>
              </value>
            </param>
          </params>
          <reporter-output>
          </reporter-output>
        </test-method> <!-- uploadFileTest -->
        <test-method status="PASS" signature="logout()[pri:0, instance:DropBoxAutomation.Assessment.Tests.HomePageTestCases@1975490]" name="logout" duration-ms="5302" started-at="2018-11-27T07:55:46Z" finished-at="2018-11-27T07:55:51Z">
          <reporter-output>
          </reporter-output>
        </test-method> <!-- logout -->
      </class> <!-- DropBoxAutomation.Assessment.Tests.HomePageTestCases -->
    </test> <!-- HomePage -->
  </suite> <!-- dropbox-assessment -->
</testng-results>
